[11:27:47] [main/INFO]: Setting user: Isaac
[11:27:51] [main/WARN]: Skipping bad option: lastServer:
[11:27:51] [main/INFO]: LWJGL Version: 2.9.4
[11:27:56] [main/INFO]: Reloading ResourceManager: Default, FMLFileResourcePack:Forge Mod Loader, FMLFileResourcePack:Minecraft Forge, FMLFileResourcePack:myfirstmod
[11:28:00] [Sound Library Loader/INFO]: Starting up SoundSystem...
[11:28:00] [Thread-5/INFO]: Initializing LWJGL OpenAL
[11:28:00] [Thread-5/INFO]: (The LWJGL binding of OpenAL.  For more information, see http://www.lwjgl.org)
[11:28:00] [Thread-5/ERROR]: Error in class 'LibraryLWJGLOpenAL'
[11:28:00] [Thread-5/ERROR]: Unable to initialize OpenAL.  Probable cause: OpenAL not supported.
[11:28:00] [Thread-5/WARN]: ERROR MESSAGE:
[11:28:00] [Thread-5/INFO]: Could not locate OpenAL library.
[11:28:00] [Thread-5/WARN]: STACK TRACE:
[11:28:00] [Thread-5/INFO]: org.lwjgl.openal.AL.create(AL.java:156)
[11:28:00] [Thread-5/INFO]: org.lwjgl.openal.AL.create(AL.java:102)
[11:28:00] [Thread-5/INFO]: org.lwjgl.openal.AL.create(AL.java:206)
[11:28:00] [Thread-5/INFO]: paulscode.sound.libraries.LibraryLWJGLOpenAL.init(LibraryLWJGLOpenAL.java:164)
[11:28:00] [Thread-5/INFO]: paulscode.sound.SoundSystem.CommandNewLibrary(SoundSystem.java:1576)
[11:28:00] [Thread-5/INFO]: paulscode.sound.SoundSystem.CommandQueue(SoundSystem.java:2572)
[11:28:00] [Thread-5/INFO]: paulscode.sound.CommandThread.run(CommandThread.java:121)
[11:28:00] [Sound Library Loader/WARN]: ERROR MESSAGE:
[11:28:00] [Sound Library Loader/INFO]: Could not locate OpenAL library.
[11:28:00] [Sound Library Loader/INFO]: Starting up SoundSystem...
[11:28:01] [Thread-7/INFO]: Switching to No Sound
[11:28:01] [Thread-7/INFO]: (Silent Mode)
[11:28:01] [Sound Library Loader/INFO]: Sound engine started
[11:28:06] [main/INFO]: Created: 512x512 textures-atlas
[11:28:10] [main/WARN]: Skipping bad option: lastServer:
[11:28:10] [main/INFO]: Narrator library for x64 successfully loaded
[11:28:13] [Realms Notification Availability checker #1/INFO]: Could not authorize you against Realms server: Invalid session id
[11:28:26] [main/INFO]: Stopping!
[11:28:26] [main/INFO]: SoundSystem shutting down...
[11:28:26] [main/WARN]: Author: Paul Lamb, www.paulscode.com
